<?xml version="1.0" encoding="utf-8"?><testsuites><testsuite name="pytest" errors="0" failures="0" skipped="0" tests="4" time="0.193" timestamp="2024-11-15T23:54:27.772068+00:00" hostname="fv-az841-733"><testcase classname="tests.stuff.test_b" name="test_b_hello" time="0.002" /><testcase classname="tests.test_a" name="test_a_hello" time="0.001" /><testcase classname="tests.test_a" name="test_a_hello_birthday" time="0.001" /><testcase classname="tests.test_main" name="test_main" time="0.004" /></testsuite></testsuites>